mode: set
github.com/vhybzOS/.vibe/installer/main.go:18.55,21.23 3 1
github.com/vhybzOS/.vibe/installer/main.go:21.23,23.3 1 0
github.com/vhybzOS/.vibe/installer/main.go:23.8,25.3 1 1
github.com/vhybzOS/.vibe/installer/main.go:26.2,26.8 1 1
github.com/vhybzOS/.vibe/installer/main.go:30.30,32.2 1 0
github.com/vhybzOS/.vibe/installer/main.go:35.46,36.14 1 1
github.com/vhybzOS/.vibe/installer/main.go:37.17,39.24 2 1
github.com/vhybzOS/.vibe/installer/main.go:39.24,41.4 1 1
github.com/vhybzOS/.vibe/installer/main.go:42.3,42.53 1 0
github.com/vhybzOS/.vibe/installer/main.go:43.10,46.17 2 1
github.com/vhybzOS/.vibe/installer/main.go:46.17,48.4 1 0
github.com/vhybzOS/.vibe/installer/main.go:49.3,49.49 1 1
github.com/vhybzOS/.vibe/installer/main.go:54.60,59.16 3 1
github.com/vhybzOS/.vibe/installer/main.go:60.15,61.22 1 1
github.com/vhybzOS/.vibe/installer/main.go:62.15,63.21 1 1
github.com/vhybzOS/.vibe/installer/main.go:64.10,65.20 1 1
github.com/vhybzOS/.vibe/installer/main.go:69.2,70.14 2 1
github.com/vhybzOS/.vibe/installer/main.go:71.16,72.19 1 1
github.com/vhybzOS/.vibe/installer/main.go:73.10,74.16 1 1
github.com/vhybzOS/.vibe/installer/main.go:77.2,78.23 2 1
github.com/vhybzOS/.vibe/installer/main.go:78.23,80.3 1 1
github.com/vhybzOS/.vibe/installer/main.go:80.8,82.3 1 1
github.com/vhybzOS/.vibe/installer/main.go:84.2,84.60 1 1
github.com/vhybzOS/.vibe/installer/main.go:88.45,89.16 1 1
github.com/vhybzOS/.vibe/installer/main.go:89.16,91.3 1 1
github.com/vhybzOS/.vibe/installer/main.go:93.2,93.27 1 1
github.com/vhybzOS/.vibe/installer/main.go:93.27,95.3 1 1
github.com/vhybzOS/.vibe/installer/main.go:97.2,97.12 1 1
github.com/vhybzOS/.vibe/installer/main.go:107.41,112.16 4 1
github.com/vhybzOS/.vibe/installer/main.go:112.16,116.3 2 0
github.com/vhybzOS/.vibe/installer/main.go:117.2,119.38 2 1
github.com/vhybzOS/.vibe/installer/main.go:119.38,123.3 2 0
github.com/vhybzOS/.vibe/installer/main.go:125.2,126.68 2 1
github.com/vhybzOS/.vibe/installer/main.go:126.68,130.3 2 0
github.com/vhybzOS/.vibe/installer/main.go:132.2,132.29 1 1
github.com/vhybzOS/.vibe/installer/main.go:142.56,144.16 2 1
github.com/vhybzOS/.vibe/installer/main.go:144.16,146.3 1 0
github.com/vhybzOS/.vibe/installer/main.go:148.2,151.18 2 1
github.com/vhybzOS/.vibe/installer/main.go:151.18,154.3 2 1
github.com/vhybzOS/.vibe/installer/main.go:154.8,156.3 1 1
github.com/vhybzOS/.vibe/installer/main.go:158.2,158.15 1 1
github.com/vhybzOS/.vibe/installer/main.go:162.49,167.16 3 0
github.com/vhybzOS/.vibe/installer/main.go:167.16,169.3 1 0
github.com/vhybzOS/.vibe/installer/main.go:170.2,175.16 4 0
github.com/vhybzOS/.vibe/installer/main.go:175.16,177.3 1 0
github.com/vhybzOS/.vibe/installer/main.go:178.2,181.38 2 0
github.com/vhybzOS/.vibe/installer/main.go:181.38,183.3 1 0
github.com/vhybzOS/.vibe/installer/main.go:186.2,193.16 3 0
github.com/vhybzOS/.vibe/installer/main.go:193.16,195.3 1 0
github.com/vhybzOS/.vibe/installer/main.go:197.2,198.12 2 0
github.com/vhybzOS/.vibe/installer/main.go:202.52,207.16 3 0
github.com/vhybzOS/.vibe/installer/main.go:207.16,209.3 1 0
github.com/vhybzOS/.vibe/installer/main.go:210.2,214.16 3 0
github.com/vhybzOS/.vibe/installer/main.go:214.16,216.3 1 0
github.com/vhybzOS/.vibe/installer/main.go:217.2,221.16 3 0
github.com/vhybzOS/.vibe/installer/main.go:221.16,223.3 1 0
github.com/vhybzOS/.vibe/installer/main.go:226.2,226.31 1 0
github.com/vhybzOS/.vibe/installer/main.go:226.31,228.17 2 0
github.com/vhybzOS/.vibe/installer/main.go:228.17,230.4 1 0
github.com/vhybzOS/.vibe/installer/main.go:234.2,237.12 3 0
github.com/vhybzOS/.vibe/installer/main.go:241.50,245.55 2 0
github.com/vhybzOS/.vibe/installer/main.go:245.55,247.3 1 0
github.com/vhybzOS/.vibe/installer/main.go:250.2,250.31 1 0
github.com/vhybzOS/.vibe/installer/main.go:250.31,252.17 2 0
github.com/vhybzOS/.vibe/installer/main.go:252.17,254.4 1 0
github.com/vhybzOS/.vibe/installer/main.go:256.3,257.21 2 0
github.com/vhybzOS/.vibe/installer/main.go:257.21,259.4 1 0
github.com/vhybzOS/.vibe/installer/main.go:262.2,263.12 2 0
github.com/vhybzOS/.vibe/installer/main.go:266.13,275.16 5 0
github.com/vhybzOS/.vibe/installer/main.go:275.16,278.3 2 0
github.com/vhybzOS/.vibe/installer/main.go:279.2,288.16 6 0
github.com/vhybzOS/.vibe/installer/main.go:288.16,291.3 2 0
github.com/vhybzOS/.vibe/installer/main.go:294.2,295.16 2 0
github.com/vhybzOS/.vibe/installer/main.go:295.16,298.3 2 0
github.com/vhybzOS/.vibe/installer/main.go:300.2,305.16 4 0
github.com/vhybzOS/.vibe/installer/main.go:305.16,308.3 2 0
github.com/vhybzOS/.vibe/installer/main.go:311.2,313.16 3 0
github.com/vhybzOS/.vibe/installer/main.go:313.16,316.3 2 0
github.com/vhybzOS/.vibe/installer/main.go:319.2,320.16 2 0
github.com/vhybzOS/.vibe/installer/main.go:320.16,323.3 2 0
github.com/vhybzOS/.vibe/installer/main.go:325.2,326.78 2 0
